Defaulting to user installation because normal site-packages is not writeable
Requirement already satisfied: tqdm in /home/shgoel/.local/lib/python3.12/site-packages (4.67.1)
Using: cuda
[Epoch 1] rating=1.1550, contrastive=0.0000, s_recon=0.0000, p_recon=0.0000
[Epoch 1/30] Train loss=1.155, Valid RMSE=0.908
[Epoch 2] rating=0.8202, contrastive=0.0000, s_recon=0.0000, p_recon=0.0000
[Epoch 2/30] Train loss=0.820, Valid RMSE=0.897
[Epoch 3] rating=0.7943, contrastive=0.0000, s_recon=0.0000, p_recon=0.0000
[Epoch 3/30] Train loss=0.794, Valid RMSE=0.888
[Epoch 4] rating=0.7714, contrastive=0.0000, s_recon=0.0000, p_recon=0.0000
[Epoch 4/30] Train loss=0.771, Valid RMSE=0.883
[Epoch 5] rating=0.7523, contrastive=0.0000, s_recon=0.0000, p_recon=0.0000
[Epoch 5/30] Train loss=0.752, Valid RMSE=0.877
[Epoch 6] rating=0.7333, contrastive=0.0000, s_recon=0.0000, p_recon=0.0000
[Epoch 6/30] Train loss=0.733, Valid RMSE=0.874
[Epoch 7] rating=0.7106, contrastive=0.0000, s_recon=0.0000, p_recon=0.0000
[Epoch 7/30] Train loss=0.711, Valid RMSE=0.873
[Epoch 8] rating=0.6837, contrastive=0.0000, s_recon=0.0000, p_recon=0.0000
[Epoch 8/30] Train loss=0.684, Valid RMSE=0.874
[Epoch 9] rating=0.6541, contrastive=0.0000, s_recon=0.0000, p_recon=0.0000
[Epoch 9/30] Train loss=0.654, Valid RMSE=0.878
[Epoch 10] rating=0.6311, contrastive=0.0000, s_recon=0.0000, p_recon=0.0000
[Epoch 10/30] Train loss=0.631, Valid RMSE=0.884
[Epoch 11] rating=0.7351, contrastive=0.0000, s_recon=0.0000, p_recon=0.0000
[Epoch 11/30] Train loss=0.735, Valid RMSE=0.876
[Epoch 12] rating=0.7276, contrastive=0.0000, s_recon=0.0000, p_recon=0.0000
[Epoch 12/30] Train loss=0.728, Valid RMSE=0.879
[Epoch 13] rating=0.7210, contrastive=0.0000, s_recon=0.0000, p_recon=0.0000
[Epoch 13/30] Train loss=0.721, Valid RMSE=0.874
[Epoch 14] rating=0.7142, contrastive=0.0000, s_recon=0.0000, p_recon=0.0000
[Epoch 14/30] Train loss=0.714, Valid RMSE=0.874
[Epoch 15] rating=0.7068, contrastive=0.0000, s_recon=0.0000, p_recon=0.0000
[Epoch 15/30] Train loss=0.707, Valid RMSE=0.875
[Epoch 16] rating=0.6966, contrastive=0.0000, s_recon=0.0000, p_recon=0.0000
[Epoch 16/30] Train loss=0.697, Valid RMSE=0.871
[Epoch 17] rating=0.6871, contrastive=0.0000, s_recon=0.0000, p_recon=0.0000
[Epoch 17/30] Train loss=0.687, Valid RMSE=0.871
[Epoch 18] rating=0.6738, contrastive=0.0000, s_recon=0.0000, p_recon=0.0000
[Epoch 18/30] Train loss=0.674, Valid RMSE=0.872
[Epoch 19] rating=0.6591, contrastive=0.0000, s_recon=0.0000, p_recon=0.0000
[Epoch 19/30] Train loss=0.659, Valid RMSE=0.871
[Epoch 20] rating=0.6416, contrastive=0.0000, s_recon=0.0000, p_recon=0.0000
[Epoch 20/30] Train loss=0.642, Valid RMSE=0.869
[Epoch 21] rating=0.6219, contrastive=0.0000, s_recon=0.0000, p_recon=0.0000
[Epoch 21/30] Train loss=0.622, Valid RMSE=0.873
[Epoch 22] rating=0.5995, contrastive=0.0000, s_recon=0.0000, p_recon=0.0000
[Epoch 22/30] Train loss=0.599, Valid RMSE=0.877
[Epoch 23] rating=0.5760, contrastive=0.0000, s_recon=0.0000, p_recon=0.0000
[Epoch 23/30] Train loss=0.576, Valid RMSE=0.881
[Epoch 24] rating=0.5502, contrastive=0.0000, s_recon=0.0000, p_recon=0.0000
[Epoch 24/30] Train loss=0.550, Valid RMSE=0.883
[Epoch 25] rating=0.5246, contrastive=0.0000, s_recon=0.0000, p_recon=0.0000
[Epoch 25/30] Train loss=0.525, Valid RMSE=0.895
[Epoch 26] rating=0.4990, contrastive=0.0000, s_recon=0.0000, p_recon=0.0000
[Epoch 26/30] Train loss=0.499, Valid RMSE=0.895
[Epoch 27] rating=0.4754, contrastive=0.0000, s_recon=0.0000, p_recon=0.0000
[Epoch 27/30] Train loss=0.475, Valid RMSE=0.910
[Epoch 28] rating=0.4575, contrastive=0.0000, s_recon=0.0000, p_recon=0.0000
[Epoch 28/30] Train loss=0.457, Valid RMSE=0.914
[Epoch 29] rating=0.4443, contrastive=0.0000, s_recon=0.0000, p_recon=0.0000
[Epoch 29/30] Train loss=0.444, Valid RMSE=0.915
[Epoch 30] rating=0.4368, contrastive=0.0000, s_recon=0.0000, p_recon=0.0000
[Epoch 30/30] Train loss=0.437, Valid RMSE=0.922
Validation RMSE: 0.869
saving to: contrast_epochs30_seed2023_nce0.csv
