Defaulting to user installation because normal site-packages is not writeable
Requirement already satisfied: tqdm in /home/shgoel/.local/lib/python3.12/site-packages (4.67.1)
Using: cuda
[Epoch 1] rating=0.9730, contrastive=0.0000, s_recon=0.0000, p_recon=0.0000
[Epoch 1/30] Train loss=0.973, Valid RMSE=0.906
[Epoch 2] rating=0.8222, contrastive=0.0000, s_recon=0.0000, p_recon=0.0000
[Epoch 2/30] Train loss=0.822, Valid RMSE=0.898
[Epoch 3] rating=0.8044, contrastive=0.0000, s_recon=0.0000, p_recon=0.0000
[Epoch 3/30] Train loss=0.804, Valid RMSE=0.891
[Epoch 4] rating=0.7858, contrastive=0.0000, s_recon=0.0000, p_recon=0.0000
[Epoch 4/30] Train loss=0.786, Valid RMSE=0.887
[Epoch 5] rating=0.7649, contrastive=0.0000, s_recon=0.0000, p_recon=0.0000
[Epoch 5/30] Train loss=0.765, Valid RMSE=0.879
[Epoch 6] rating=0.7429, contrastive=0.0000, s_recon=0.0000, p_recon=0.0000
[Epoch 6/30] Train loss=0.743, Valid RMSE=0.877
[Epoch 7] rating=0.7185, contrastive=0.0000, s_recon=0.0000, p_recon=0.0000
[Epoch 7/30] Train loss=0.718, Valid RMSE=0.875
[Epoch 8] rating=0.6905, contrastive=0.0000, s_recon=0.0000, p_recon=0.0000
[Epoch 8/30] Train loss=0.691, Valid RMSE=0.877
[Epoch 9] rating=0.6617, contrastive=0.0000, s_recon=0.0000, p_recon=0.0000
[Epoch 9/30] Train loss=0.662, Valid RMSE=0.883
[Epoch 10] rating=0.6391, contrastive=0.0000, s_recon=0.0000, p_recon=0.0000
[Epoch 10/30] Train loss=0.639, Valid RMSE=0.889
[Epoch 11] rating=0.7408, contrastive=0.0000, s_recon=0.0000, p_recon=0.0000
[Epoch 11/30] Train loss=0.741, Valid RMSE=0.887
[Epoch 12] rating=0.7298, contrastive=0.0000, s_recon=0.0000, p_recon=0.0000
[Epoch 12/30] Train loss=0.730, Valid RMSE=0.875
[Epoch 13] rating=0.7174, contrastive=0.0000, s_recon=0.0000, p_recon=0.0000
[Epoch 13/30] Train loss=0.717, Valid RMSE=0.874
[Epoch 14] rating=0.7053, contrastive=0.0000, s_recon=0.0000, p_recon=0.0000
[Epoch 14/30] Train loss=0.705, Valid RMSE=0.873
[Epoch 15] rating=0.6929, contrastive=0.0000, s_recon=0.0000, p_recon=0.0000
[Epoch 15/30] Train loss=0.693, Valid RMSE=0.873
[Epoch 16] rating=0.6783, contrastive=0.0000, s_recon=0.0000, p_recon=0.0000
[Epoch 16/30] Train loss=0.678, Valid RMSE=0.872
[Epoch 17] rating=0.6619, contrastive=0.0000, s_recon=0.0000, p_recon=0.0000
[Epoch 17/30] Train loss=0.662, Valid RMSE=0.873
[Epoch 18] rating=0.6435, contrastive=0.0000, s_recon=0.0000, p_recon=0.0000
[Epoch 18/30] Train loss=0.644, Valid RMSE=0.876
[Epoch 19] rating=0.6227, contrastive=0.0000, s_recon=0.0000, p_recon=0.0000
[Epoch 19/30] Train loss=0.623, Valid RMSE=0.877
[Epoch 20] rating=0.5993, contrastive=0.0000, s_recon=0.0000, p_recon=0.0000
[Epoch 20/30] Train loss=0.599, Valid RMSE=0.885
[Epoch 21] rating=0.5731, contrastive=0.0000, s_recon=0.0000, p_recon=0.0000
[Epoch 21/30] Train loss=0.573, Valid RMSE=0.885
[Epoch 22] rating=0.5459, contrastive=0.0000, s_recon=0.0000, p_recon=0.0000
[Epoch 22/30] Train loss=0.546, Valid RMSE=0.900
[Epoch 23] rating=0.5177, contrastive=0.0000, s_recon=0.0000, p_recon=0.0000
[Epoch 23/30] Train loss=0.518, Valid RMSE=0.908
[Epoch 24] rating=0.4888, contrastive=0.0000, s_recon=0.0000, p_recon=0.0000
[Epoch 24/30] Train loss=0.489, Valid RMSE=0.912
[Epoch 25] rating=0.4613, contrastive=0.0000, s_recon=0.0000, p_recon=0.0000
[Epoch 25/30] Train loss=0.461, Valid RMSE=0.920
[Epoch 26] rating=0.4366, contrastive=0.0000, s_recon=0.0000, p_recon=0.0000
[Epoch 26/30] Train loss=0.437, Valid RMSE=0.931
[Epoch 27] rating=0.4153, contrastive=0.0000, s_recon=0.0000, p_recon=0.0000
[Epoch 27/30] Train loss=0.415, Valid RMSE=0.942
[Epoch 28] rating=0.3978, contrastive=0.0000, s_recon=0.0000, p_recon=0.0000
[Epoch 28/30] Train loss=0.398, Valid RMSE=0.940
[Epoch 29] rating=0.3867, contrastive=0.0000, s_recon=0.0000, p_recon=0.0000
[Epoch 29/30] Train loss=0.387, Valid RMSE=0.947
[Epoch 30] rating=0.3808, contrastive=0.0000, s_recon=0.0000, p_recon=0.0000
[Epoch 30/30] Train loss=0.381, Valid RMSE=0.948
Validation RMSE: 0.872
saving to: contrast_epochs30_seed999_nce0_nowish.csv
