Defaulting to user installation because normal site-packages is not writeable
Requirement already satisfied: tqdm in /home/shgoel/.local/lib/python3.12/site-packages (4.67.1)
Using: cuda
[Epoch 1] rating=0.9762, contrastive=0.0000, s_recon=0.0000, p_recon=0.0000
[Epoch 1/30] Train loss=0.976, Valid RMSE=0.903
[Epoch 2] rating=0.8156, contrastive=0.0000, s_recon=0.0000, p_recon=0.0000
[Epoch 2/30] Train loss=0.816, Valid RMSE=0.893
[Epoch 3] rating=0.7873, contrastive=0.0000, s_recon=0.0000, p_recon=0.0000
[Epoch 3/30] Train loss=0.787, Valid RMSE=0.883
[Epoch 4] rating=0.7659, contrastive=0.0000, s_recon=0.0000, p_recon=0.0000
[Epoch 4/30] Train loss=0.766, Valid RMSE=0.877
[Epoch 5] rating=0.7477, contrastive=0.0000, s_recon=0.0000, p_recon=0.0000
[Epoch 5/30] Train loss=0.748, Valid RMSE=0.873
[Epoch 6] rating=0.7284, contrastive=0.0000, s_recon=0.0000, p_recon=0.0000
[Epoch 6/30] Train loss=0.728, Valid RMSE=0.871
[Epoch 7] rating=0.7046, contrastive=0.0000, s_recon=0.0000, p_recon=0.0000
[Epoch 7/30] Train loss=0.705, Valid RMSE=0.870
[Epoch 8] rating=0.6758, contrastive=0.0000, s_recon=0.0000, p_recon=0.0000
[Epoch 8/30] Train loss=0.676, Valid RMSE=0.871
[Epoch 9] rating=0.6454, contrastive=0.0000, s_recon=0.0000, p_recon=0.0000
[Epoch 9/30] Train loss=0.645, Valid RMSE=0.874
[Epoch 10] rating=0.6203, contrastive=0.0000, s_recon=0.0000, p_recon=0.0000
[Epoch 10/30] Train loss=0.620, Valid RMSE=0.883
[Epoch 11] rating=0.7303, contrastive=0.0000, s_recon=0.0000, p_recon=0.0000
[Epoch 11/30] Train loss=0.730, Valid RMSE=0.873
[Epoch 12] rating=0.7237, contrastive=0.0000, s_recon=0.0000, p_recon=0.0000
[Epoch 12/30] Train loss=0.724, Valid RMSE=0.872
[Epoch 13] rating=0.7173, contrastive=0.0000, s_recon=0.0000, p_recon=0.0000
[Epoch 13/30] Train loss=0.717, Valid RMSE=0.868
[Epoch 14] rating=0.7110, contrastive=0.0000, s_recon=0.0000, p_recon=0.0000
[Epoch 14/30] Train loss=0.711, Valid RMSE=0.868
[Epoch 15] rating=0.7041, contrastive=0.0000, s_recon=0.0000, p_recon=0.0000
[Epoch 15/30] Train loss=0.704, Valid RMSE=0.868
[Epoch 16] rating=0.6956, contrastive=0.0000, s_recon=0.0000, p_recon=0.0000
[Epoch 16/30] Train loss=0.696, Valid RMSE=0.869
[Epoch 17] rating=0.6858, contrastive=0.0000, s_recon=0.0000, p_recon=0.0000
[Epoch 17/30] Train loss=0.686, Valid RMSE=0.866
[Epoch 18] rating=0.6743, contrastive=0.0000, s_recon=0.0000, p_recon=0.0000
[Epoch 18/30] Train loss=0.674, Valid RMSE=0.867
[Epoch 19] rating=0.6584, contrastive=0.0000, s_recon=0.0000, p_recon=0.0000
[Epoch 19/30] Train loss=0.658, Valid RMSE=0.864
[Epoch 20] rating=0.6426, contrastive=0.0000, s_recon=0.0000, p_recon=0.0000
[Epoch 20/30] Train loss=0.643, Valid RMSE=0.865
[Epoch 21] rating=0.6227, contrastive=0.0000, s_recon=0.0000, p_recon=0.0000
[Epoch 21/30] Train loss=0.623, Valid RMSE=0.869
[Epoch 22] rating=0.6011, contrastive=0.0000, s_recon=0.0000, p_recon=0.0000
[Epoch 22/30] Train loss=0.601, Valid RMSE=0.866
[Epoch 23] rating=0.5777, contrastive=0.0000, s_recon=0.0000, p_recon=0.0000
[Epoch 23/30] Train loss=0.578, Valid RMSE=0.876
[Epoch 24] rating=0.5515, contrastive=0.0000, s_recon=0.0000, p_recon=0.0000
[Epoch 24/30] Train loss=0.551, Valid RMSE=0.884
[Epoch 25] rating=0.5259, contrastive=0.0000, s_recon=0.0000, p_recon=0.0000
[Epoch 25/30] Train loss=0.526, Valid RMSE=0.890
[Epoch 26] rating=0.5007, contrastive=0.0000, s_recon=0.0000, p_recon=0.0000
[Epoch 26/30] Train loss=0.501, Valid RMSE=0.896
[Epoch 27] rating=0.4783, contrastive=0.0000, s_recon=0.0000, p_recon=0.0000
[Epoch 27/30] Train loss=0.478, Valid RMSE=0.901
[Epoch 28] rating=0.4596, contrastive=0.0000, s_recon=0.0000, p_recon=0.0000
[Epoch 28/30] Train loss=0.460, Valid RMSE=0.909
[Epoch 29] rating=0.4466, contrastive=0.0000, s_recon=0.0000, p_recon=0.0000
[Epoch 29/30] Train loss=0.447, Valid RMSE=0.912
[Epoch 30] rating=0.4390, contrastive=0.0000, s_recon=0.0000, p_recon=0.0000
[Epoch 30/30] Train loss=0.439, Valid RMSE=0.915
Validation RMSE: 0.864
saving to: contrast_epochs30_seed1_nce0.csv
