Defaulting to user installation because normal site-packages is not writeable
Requirement already satisfied: tqdm in /home/shgoel/.local/lib/python3.12/site-packages (4.67.1)
Using: cuda
[Epoch 1] rating=2.4509, contrastive=15.8609, s_recon=0.0000, p_recon=0.0000
[Epoch 1/30] Train loss=4.037, Valid RMSE=1.552
[Epoch 2] rating=2.4261, contrastive=15.7275, s_recon=0.0000, p_recon=0.0000
[Epoch 2/30] Train loss=3.999, Valid RMSE=1.552
[Epoch 3] rating=2.4261, contrastive=15.5715, s_recon=0.0000, p_recon=0.0000
[Epoch 3/30] Train loss=3.983, Valid RMSE=1.552
[Epoch 4] rating=2.4261, contrastive=15.4305, s_recon=0.0000, p_recon=0.0000
[Epoch 4/30] Train loss=3.969, Valid RMSE=1.552
[Epoch 5] rating=2.4261, contrastive=15.3255, s_recon=0.0000, p_recon=0.0000
[Epoch 5/30] Train loss=3.959, Valid RMSE=1.552
[Epoch 6] rating=2.4261, contrastive=15.2369, s_recon=0.0000, p_recon=0.0000
[Epoch 6/30] Train loss=3.950, Valid RMSE=1.552
[Epoch 7] rating=2.4261, contrastive=15.1491, s_recon=0.0000, p_recon=0.0000
[Epoch 7/30] Train loss=3.941, Valid RMSE=1.552
[Epoch 8] rating=2.4261, contrastive=15.0560, s_recon=0.0000, p_recon=0.0000
[Epoch 8/30] Train loss=3.932, Valid RMSE=1.552
[Epoch 9] rating=2.4261, contrastive=14.9557, s_recon=0.0000, p_recon=0.0000
[Epoch 9/30] Train loss=3.922, Valid RMSE=1.552
[Epoch 10] rating=2.4261, contrastive=14.8735, s_recon=0.0000, p_recon=0.0000
[Epoch 10/30] Train loss=3.913, Valid RMSE=1.552
[Epoch 11] rating=2.4261, contrastive=15.2367, s_recon=0.0000, p_recon=0.0000
[Epoch 11/30] Train loss=3.950, Valid RMSE=1.552
[Epoch 12] rating=2.3012, contrastive=15.2063, s_recon=0.0000, p_recon=0.0000
[Epoch 12/30] Train loss=3.822, Valid RMSE=0.993
[Epoch 13] rating=0.8501, contrastive=15.3381, s_recon=0.0000, p_recon=0.0000
[Epoch 13/30] Train loss=2.384, Valid RMSE=0.880
[Epoch 14] rating=0.7703, contrastive=15.3807, s_recon=0.0000, p_recon=0.0000
[Epoch 14/30] Train loss=2.308, Valid RMSE=0.872
[Epoch 15] rating=0.7459, contrastive=15.3442, s_recon=0.0000, p_recon=0.0000
[Epoch 15/30] Train loss=2.280, Valid RMSE=0.861
[Epoch 16] rating=0.7294, contrastive=15.3174, s_recon=0.0000, p_recon=0.0000
[Epoch 16/30] Train loss=2.261, Valid RMSE=0.858
[Epoch 17] rating=0.7160, contrastive=15.2940, s_recon=0.0000, p_recon=0.0000
[Epoch 17/30] Train loss=2.245, Valid RMSE=0.855
[Epoch 18] rating=0.7037, contrastive=15.2696, s_recon=0.0000, p_recon=0.0000
[Epoch 18/30] Train loss=2.231, Valid RMSE=0.852
[Epoch 19] rating=0.6921, contrastive=15.2452, s_recon=0.0000, p_recon=0.0000
[Epoch 19/30] Train loss=2.217, Valid RMSE=0.849
[Epoch 20] rating=0.6801, contrastive=15.2214, s_recon=0.0000, p_recon=0.0000
[Epoch 20/30] Train loss=2.202, Valid RMSE=0.848
[Epoch 21] rating=0.6677, contrastive=15.1911, s_recon=0.0000, p_recon=0.0000
[Epoch 21/30] Train loss=2.187, Valid RMSE=0.844
[Epoch 22] rating=0.6549, contrastive=15.1634, s_recon=0.0000, p_recon=0.0000
[Epoch 22/30] Train loss=2.171, Valid RMSE=0.846
[Epoch 23] rating=0.6400, contrastive=15.1326, s_recon=0.0000, p_recon=0.0000
[Epoch 23/30] Train loss=2.153, Valid RMSE=0.844
[Epoch 24] rating=0.6253, contrastive=15.1034, s_recon=0.0000, p_recon=0.0000
[Epoch 24/30] Train loss=2.136, Valid RMSE=0.845
[Epoch 25] rating=0.6102, contrastive=15.0739, s_recon=0.0000, p_recon=0.0000
[Epoch 25/30] Train loss=2.118, Valid RMSE=0.846
[Epoch 26] rating=0.5950, contrastive=15.0459, s_recon=0.0000, p_recon=0.0000
[Epoch 26/30] Train loss=2.100, Valid RMSE=0.847
[Epoch 27] rating=0.5803, contrastive=15.0215, s_recon=0.0000, p_recon=0.0000
[Epoch 27/30] Train loss=2.082, Valid RMSE=0.851
[Epoch 28] rating=0.5673, contrastive=15.0015, s_recon=0.0000, p_recon=0.0000
[Epoch 28/30] Train loss=2.067, Valid RMSE=0.852
[Epoch 29] rating=0.5578, contrastive=14.9864, s_recon=0.0000, p_recon=0.0000
[Epoch 29/30] Train loss=2.056, Valid RMSE=0.853
[Epoch 30] rating=0.5522, contrastive=14.9783, s_recon=0.0000, p_recon=0.0000
[Epoch 30/30] Train loss=2.050, Valid RMSE=0.855
Validation RMSE: 0.844
saving to: contrast_epochs30_seed1337_nceTrue.csv
