Defaulting to user installation because normal site-packages is not writeable
Requirement already satisfied: tqdm in /home/shgoel/.local/lib/python3.12/site-packages (4.67.1)
Using: cuda
[Epoch 1] rating=1.0101, contrastive=0.0000, s_recon=0.0000, p_recon=0.0000
[Epoch 1/30] Train loss=1.010, Valid RMSE=0.906
[Epoch 2] rating=0.8181, contrastive=0.0000, s_recon=0.0000, p_recon=0.0000
[Epoch 2/30] Train loss=0.818, Valid RMSE=0.896
[Epoch 3] rating=0.7929, contrastive=0.0000, s_recon=0.0000, p_recon=0.0000
[Epoch 3/30] Train loss=0.793, Valid RMSE=0.889
[Epoch 4] rating=0.7691, contrastive=0.0000, s_recon=0.0000, p_recon=0.0000
[Epoch 4/30] Train loss=0.769, Valid RMSE=0.881
[Epoch 5] rating=0.7501, contrastive=0.0000, s_recon=0.0000, p_recon=0.0000
[Epoch 5/30] Train loss=0.750, Valid RMSE=0.879
[Epoch 6] rating=0.7282, contrastive=0.0000, s_recon=0.0000, p_recon=0.0000
[Epoch 6/30] Train loss=0.728, Valid RMSE=0.874
[Epoch 7] rating=0.7041, contrastive=0.0000, s_recon=0.0000, p_recon=0.0000
[Epoch 7/30] Train loss=0.704, Valid RMSE=0.875
[Epoch 8] rating=0.6743, contrastive=0.0000, s_recon=0.0000, p_recon=0.0000
[Epoch 8/30] Train loss=0.674, Valid RMSE=0.877
[Epoch 9] rating=0.6420, contrastive=0.0000, s_recon=0.0000, p_recon=0.0000
[Epoch 9/30] Train loss=0.642, Valid RMSE=0.885
[Epoch 10] rating=0.6176, contrastive=0.0000, s_recon=0.0000, p_recon=0.0000
[Epoch 10/30] Train loss=0.618, Valid RMSE=0.890
[Epoch 11] rating=0.7321, contrastive=0.0000, s_recon=0.0000, p_recon=0.0000
[Epoch 11/30] Train loss=0.732, Valid RMSE=0.879
[Epoch 12] rating=0.7235, contrastive=0.0000, s_recon=0.0000, p_recon=0.0000
[Epoch 12/30] Train loss=0.724, Valid RMSE=0.876
[Epoch 13] rating=0.7158, contrastive=0.0000, s_recon=0.0000, p_recon=0.0000
[Epoch 13/30] Train loss=0.716, Valid RMSE=0.876
[Epoch 14] rating=0.7090, contrastive=0.0000, s_recon=0.0000, p_recon=0.0000
[Epoch 14/30] Train loss=0.709, Valid RMSE=0.873
[Epoch 15] rating=0.7010, contrastive=0.0000, s_recon=0.0000, p_recon=0.0000
[Epoch 15/30] Train loss=0.701, Valid RMSE=0.873
[Epoch 16] rating=0.6912, contrastive=0.0000, s_recon=0.0000, p_recon=0.0000
[Epoch 16/30] Train loss=0.691, Valid RMSE=0.869
[Epoch 17] rating=0.6805, contrastive=0.0000, s_recon=0.0000, p_recon=0.0000
[Epoch 17/30] Train loss=0.681, Valid RMSE=0.870
[Epoch 18] rating=0.6666, contrastive=0.0000, s_recon=0.0000, p_recon=0.0000
[Epoch 18/30] Train loss=0.667, Valid RMSE=0.872
[Epoch 19] rating=0.6503, contrastive=0.0000, s_recon=0.0000, p_recon=0.0000
[Epoch 19/30] Train loss=0.650, Valid RMSE=0.874
[Epoch 20] rating=0.6327, contrastive=0.0000, s_recon=0.0000, p_recon=0.0000
[Epoch 20/30] Train loss=0.633, Valid RMSE=0.872
[Epoch 21] rating=0.6110, contrastive=0.0000, s_recon=0.0000, p_recon=0.0000
[Epoch 21/30] Train loss=0.611, Valid RMSE=0.877
[Epoch 22] rating=0.5880, contrastive=0.0000, s_recon=0.0000, p_recon=0.0000
[Epoch 22/30] Train loss=0.588, Valid RMSE=0.881
[Epoch 23] rating=0.5622, contrastive=0.0000, s_recon=0.0000, p_recon=0.0000
[Epoch 23/30] Train loss=0.562, Valid RMSE=0.883
[Epoch 24] rating=0.5360, contrastive=0.0000, s_recon=0.0000, p_recon=0.0000
[Epoch 24/30] Train loss=0.536, Valid RMSE=0.893
[Epoch 25] rating=0.5089, contrastive=0.0000, s_recon=0.0000, p_recon=0.0000
[Epoch 25/30] Train loss=0.509, Valid RMSE=0.900
[Epoch 26] rating=0.4837, contrastive=0.0000, s_recon=0.0000, p_recon=0.0000
[Epoch 26/30] Train loss=0.484, Valid RMSE=0.906
[Epoch 27] rating=0.4597, contrastive=0.0000, s_recon=0.0000, p_recon=0.0000
[Epoch 27/30] Train loss=0.460, Valid RMSE=0.919
[Epoch 28] rating=0.4417, contrastive=0.0000, s_recon=0.0000, p_recon=0.0000
[Epoch 28/30] Train loss=0.442, Valid RMSE=0.918
[Epoch 29] rating=0.4289, contrastive=0.0000, s_recon=0.0000, p_recon=0.0000
[Epoch 29/30] Train loss=0.429, Valid RMSE=0.925
[Epoch 30] rating=0.4215, contrastive=0.0000, s_recon=0.0000, p_recon=0.0000
[Epoch 30/30] Train loss=0.421, Valid RMSE=0.928
Validation RMSE: 0.869
saving to: contrast_epochs30_seed1234_nce0.csv
