Defaulting to user installation because normal site-packages is not writeable
Requirement already satisfied: tqdm in /home/shgoel/.local/lib/python3.12/site-packages (4.67.1)
Using: cuda
[Epoch 1] rating=0.9964, contrastive=15.9149, s_recon=0.0000, p_recon=0.0000
[Epoch 1/30] Train loss=2.588, Valid RMSE=0.911
[Epoch 2] rating=0.8226, contrastive=15.7196, s_recon=0.0000, p_recon=0.0000
[Epoch 2/30] Train loss=2.395, Valid RMSE=0.889
[Epoch 3] rating=0.7871, contrastive=15.5908, s_recon=0.0000, p_recon=0.0000
[Epoch 3/30] Train loss=2.346, Valid RMSE=0.877
[Epoch 4] rating=0.7650, contrastive=15.4992, s_recon=0.0000, p_recon=0.0000
[Epoch 4/30] Train loss=2.315, Valid RMSE=0.871
[Epoch 5] rating=0.7471, contrastive=15.4349, s_recon=0.0000, p_recon=0.0000
[Epoch 5/30] Train loss=2.291, Valid RMSE=0.866
[Epoch 6] rating=0.7281, contrastive=15.3785, s_recon=0.0000, p_recon=0.0000
[Epoch 6/30] Train loss=2.266, Valid RMSE=0.859
[Epoch 7] rating=0.7070, contrastive=15.3221, s_recon=0.0000, p_recon=0.0000
[Epoch 7/30] Train loss=2.239, Valid RMSE=0.856
[Epoch 8] rating=0.6848, contrastive=15.2643, s_recon=0.0000, p_recon=0.0000
[Epoch 8/30] Train loss=2.211, Valid RMSE=0.854
[Epoch 9] rating=0.6624, contrastive=15.2140, s_recon=0.0000, p_recon=0.0000
[Epoch 9/30] Train loss=2.184, Valid RMSE=0.854
[Epoch 10] rating=0.6445, contrastive=15.1811, s_recon=0.0000, p_recon=0.0000
[Epoch 10/30] Train loss=2.163, Valid RMSE=0.855
[Epoch 11] rating=0.7298, contrastive=15.3871, s_recon=0.0000, p_recon=0.0000
[Epoch 11/30] Train loss=2.268, Valid RMSE=0.861
[Epoch 12] rating=0.7201, contrastive=15.3675, s_recon=0.0000, p_recon=0.0000
[Epoch 12/30] Train loss=2.257, Valid RMSE=0.860
[Epoch 13] rating=0.7128, contrastive=15.3514, s_recon=0.0000, p_recon=0.0000
[Epoch 13/30] Train loss=2.248, Valid RMSE=0.856
[Epoch 14] rating=0.7048, contrastive=15.3334, s_recon=0.0000, p_recon=0.0000
[Epoch 14/30] Train loss=2.238, Valid RMSE=0.857
[Epoch 15] rating=0.6987, contrastive=15.3187, s_recon=0.0000, p_recon=0.0000
[Epoch 15/30] Train loss=2.231, Valid RMSE=0.854
[Epoch 16] rating=0.6900, contrastive=15.3016, s_recon=0.0000, p_recon=0.0000
[Epoch 16/30] Train loss=2.220, Valid RMSE=0.854
[Epoch 17] rating=0.6820, contrastive=15.2834, s_recon=0.0000, p_recon=0.0000
[Epoch 17/30] Train loss=2.210, Valid RMSE=0.852
[Epoch 18] rating=0.6716, contrastive=15.2612, s_recon=0.0000, p_recon=0.0000
[Epoch 18/30] Train loss=2.198, Valid RMSE=0.852
[Epoch 19] rating=0.6593, contrastive=15.2364, s_recon=0.0000, p_recon=0.0000
[Epoch 19/30] Train loss=2.183, Valid RMSE=0.851
[Epoch 20] rating=0.6468, contrastive=15.2108, s_recon=0.0000, p_recon=0.0000
[Epoch 20/30] Train loss=2.168, Valid RMSE=0.850
[Epoch 21] rating=0.6313, contrastive=15.1806, s_recon=0.0000, p_recon=0.0000
[Epoch 21/30] Train loss=2.149, Valid RMSE=0.849
[Epoch 22] rating=0.6146, contrastive=15.1479, s_recon=0.0000, p_recon=0.0000
[Epoch 22/30] Train loss=2.129, Valid RMSE=0.852
[Epoch 23] rating=0.5958, contrastive=15.1142, s_recon=0.0000, p_recon=0.0000
[Epoch 23/30] Train loss=2.107, Valid RMSE=0.850
[Epoch 24] rating=0.5756, contrastive=15.0797, s_recon=0.0000, p_recon=0.0000
[Epoch 24/30] Train loss=2.084, Valid RMSE=0.857
[Epoch 25] rating=0.5545, contrastive=15.0472, s_recon=0.0000, p_recon=0.0000
[Epoch 25/30] Train loss=2.059, Valid RMSE=0.858
[Epoch 26] rating=0.5334, contrastive=15.0154, s_recon=0.0000, p_recon=0.0000
[Epoch 26/30] Train loss=2.035, Valid RMSE=0.872
[Epoch 27] rating=0.5138, contrastive=14.9890, s_recon=0.0000, p_recon=0.0000
[Epoch 27/30] Train loss=2.013, Valid RMSE=0.869
[Epoch 28] rating=0.4975, contrastive=14.9648, s_recon=0.0000, p_recon=0.0000
[Epoch 28/30] Train loss=1.994, Valid RMSE=0.878
[Epoch 29] rating=0.4855, contrastive=14.9504, s_recon=0.0000, p_recon=0.0000
[Epoch 29/30] Train loss=1.980, Valid RMSE=0.880
[Epoch 30] rating=0.4783, contrastive=14.9409, s_recon=0.0000, p_recon=0.0000
[Epoch 30/30] Train loss=1.972, Valid RMSE=0.883
Validation RMSE: 0.849
saving to: contrast_epochs30_seed999_nceTrue.csv
