Defaulting to user installation because normal site-packages is not writeable
Requirement already satisfied: tqdm in /home/shgoel/.local/lib/python3.12/site-packages (4.67.1)
Using: cuda
[Epoch 1] rating=0.9976, contrastive=0.0000, s_recon=0.0000, p_recon=0.0000
[Epoch 1/30] Train loss=0.998, Valid RMSE=0.906
[Epoch 2] rating=0.8215, contrastive=0.0000, s_recon=0.0000, p_recon=0.0000
[Epoch 2/30] Train loss=0.822, Valid RMSE=0.901
[Epoch 3] rating=0.8019, contrastive=0.0000, s_recon=0.0000, p_recon=0.0000
[Epoch 3/30] Train loss=0.802, Valid RMSE=0.893
[Epoch 4] rating=0.7835, contrastive=0.0000, s_recon=0.0000, p_recon=0.0000
[Epoch 4/30] Train loss=0.784, Valid RMSE=0.886
[Epoch 5] rating=0.7624, contrastive=0.0000, s_recon=0.0000, p_recon=0.0000
[Epoch 5/30] Train loss=0.762, Valid RMSE=0.881
[Epoch 6] rating=0.7412, contrastive=0.0000, s_recon=0.0000, p_recon=0.0000
[Epoch 6/30] Train loss=0.741, Valid RMSE=0.877
[Epoch 7] rating=0.7188, contrastive=0.0000, s_recon=0.0000, p_recon=0.0000
[Epoch 7/30] Train loss=0.719, Valid RMSE=0.876
[Epoch 8] rating=0.6928, contrastive=0.0000, s_recon=0.0000, p_recon=0.0000
[Epoch 8/30] Train loss=0.693, Valid RMSE=0.877
[Epoch 9] rating=0.6646, contrastive=0.0000, s_recon=0.0000, p_recon=0.0000
[Epoch 9/30] Train loss=0.665, Valid RMSE=0.880
[Epoch 10] rating=0.6444, contrastive=0.0000, s_recon=0.0000, p_recon=0.0000
[Epoch 10/30] Train loss=0.644, Valid RMSE=0.886
[Epoch 11] rating=0.7385, contrastive=0.0000, s_recon=0.0000, p_recon=0.0000
[Epoch 11/30] Train loss=0.739, Valid RMSE=0.880
[Epoch 12] rating=0.7289, contrastive=0.0000, s_recon=0.0000, p_recon=0.0000
[Epoch 12/30] Train loss=0.729, Valid RMSE=0.877
[Epoch 13] rating=0.7196, contrastive=0.0000, s_recon=0.0000, p_recon=0.0000
[Epoch 13/30] Train loss=0.720, Valid RMSE=0.875
[Epoch 14] rating=0.7082, contrastive=0.0000, s_recon=0.0000, p_recon=0.0000
[Epoch 14/30] Train loss=0.708, Valid RMSE=0.874
[Epoch 15] rating=0.6962, contrastive=0.0000, s_recon=0.0000, p_recon=0.0000
[Epoch 15/30] Train loss=0.696, Valid RMSE=0.872
[Epoch 16] rating=0.6832, contrastive=0.0000, s_recon=0.0000, p_recon=0.0000
[Epoch 16/30] Train loss=0.683, Valid RMSE=0.870
[Epoch 17] rating=0.6673, contrastive=0.0000, s_recon=0.0000, p_recon=0.0000
[Epoch 17/30] Train loss=0.667, Valid RMSE=0.870
[Epoch 18] rating=0.6514, contrastive=0.0000, s_recon=0.0000, p_recon=0.0000
[Epoch 18/30] Train loss=0.651, Valid RMSE=0.878
[Epoch 19] rating=0.6316, contrastive=0.0000, s_recon=0.0000, p_recon=0.0000
[Epoch 19/30] Train loss=0.632, Valid RMSE=0.876
[Epoch 20] rating=0.6095, contrastive=0.0000, s_recon=0.0000, p_recon=0.0000
[Epoch 20/30] Train loss=0.610, Valid RMSE=0.878
[Epoch 21] rating=0.5858, contrastive=0.0000, s_recon=0.0000, p_recon=0.0000
[Epoch 21/30] Train loss=0.586, Valid RMSE=0.881
[Epoch 22] rating=0.5604, contrastive=0.0000, s_recon=0.0000, p_recon=0.0000
[Epoch 22/30] Train loss=0.560, Valid RMSE=0.888
[Epoch 23] rating=0.5334, contrastive=0.0000, s_recon=0.0000, p_recon=0.0000
[Epoch 23/30] Train loss=0.533, Valid RMSE=0.892
[Epoch 24] rating=0.5057, contrastive=0.0000, s_recon=0.0000, p_recon=0.0000
[Epoch 24/30] Train loss=0.506, Valid RMSE=0.898
[Epoch 25] rating=0.4793, contrastive=0.0000, s_recon=0.0000, p_recon=0.0000
[Epoch 25/30] Train loss=0.479, Valid RMSE=0.911
[Epoch 26] rating=0.4550, contrastive=0.0000, s_recon=0.0000, p_recon=0.0000
[Epoch 26/30] Train loss=0.455, Valid RMSE=0.923
[Epoch 27] rating=0.4345, contrastive=0.0000, s_recon=0.0000, p_recon=0.0000
[Epoch 27/30] Train loss=0.434, Valid RMSE=0.925
[Epoch 28] rating=0.4186, contrastive=0.0000, s_recon=0.0000, p_recon=0.0000
[Epoch 28/30] Train loss=0.419, Valid RMSE=0.926
[Epoch 29] rating=0.4068, contrastive=0.0000, s_recon=0.0000, p_recon=0.0000
[Epoch 29/30] Train loss=0.407, Valid RMSE=0.936
[Epoch 30] rating=0.4005, contrastive=0.0000, s_recon=0.0000, p_recon=0.0000
[Epoch 30/30] Train loss=0.401, Valid RMSE=0.935
Validation RMSE: 0.870
saving to: contrast_epochs30_seed42_nce0_nowish.csv
