Defaulting to user installation because normal site-packages is not writeable
Requirement already satisfied: tqdm in /home/shgoel/.local/lib/python3.12/site-packages (4.67.1)
Using: cuda
[Epoch 1] rating=0.9736, contrastive=0.0000, s_recon=0.0000, p_recon=0.0000
[Epoch 1/30] Train loss=0.974, Valid RMSE=0.906
[Epoch 2] rating=0.8164, contrastive=0.0000, s_recon=0.0000, p_recon=0.0000
[Epoch 2/30] Train loss=0.816, Valid RMSE=0.893
[Epoch 3] rating=0.7901, contrastive=0.0000, s_recon=0.0000, p_recon=0.0000
[Epoch 3/30] Train loss=0.790, Valid RMSE=0.885
[Epoch 4] rating=0.7692, contrastive=0.0000, s_recon=0.0000, p_recon=0.0000
[Epoch 4/30] Train loss=0.769, Valid RMSE=0.879
[Epoch 5] rating=0.7491, contrastive=0.0000, s_recon=0.0000, p_recon=0.0000
[Epoch 5/30] Train loss=0.749, Valid RMSE=0.877
[Epoch 6] rating=0.7300, contrastive=0.0000, s_recon=0.0000, p_recon=0.0000
[Epoch 6/30] Train loss=0.730, Valid RMSE=0.873
[Epoch 7] rating=0.7043, contrastive=0.0000, s_recon=0.0000, p_recon=0.0000
[Epoch 7/30] Train loss=0.704, Valid RMSE=0.871
[Epoch 8] rating=0.6747, contrastive=0.0000, s_recon=0.0000, p_recon=0.0000
[Epoch 8/30] Train loss=0.675, Valid RMSE=0.874
[Epoch 9] rating=0.6421, contrastive=0.0000, s_recon=0.0000, p_recon=0.0000
[Epoch 9/30] Train loss=0.642, Valid RMSE=0.879
[Epoch 10] rating=0.6167, contrastive=0.0000, s_recon=0.0000, p_recon=0.0000
[Epoch 10/30] Train loss=0.617, Valid RMSE=0.886
[Epoch 11] rating=0.7311, contrastive=0.0000, s_recon=0.0000, p_recon=0.0000
[Epoch 11/30] Train loss=0.731, Valid RMSE=0.879
[Epoch 12] rating=0.7227, contrastive=0.0000, s_recon=0.0000, p_recon=0.0000
[Epoch 12/30] Train loss=0.723, Valid RMSE=0.881
[Epoch 13] rating=0.7159, contrastive=0.0000, s_recon=0.0000, p_recon=0.0000
[Epoch 13/30] Train loss=0.716, Valid RMSE=0.874
[Epoch 14] rating=0.7089, contrastive=0.0000, s_recon=0.0000, p_recon=0.0000
[Epoch 14/30] Train loss=0.709, Valid RMSE=0.872
[Epoch 15] rating=0.7009, contrastive=0.0000, s_recon=0.0000, p_recon=0.0000
[Epoch 15/30] Train loss=0.701, Valid RMSE=0.870
[Epoch 16] rating=0.6910, contrastive=0.0000, s_recon=0.0000, p_recon=0.0000
[Epoch 16/30] Train loss=0.691, Valid RMSE=0.867
[Epoch 17] rating=0.6816, contrastive=0.0000, s_recon=0.0000, p_recon=0.0000
[Epoch 17/30] Train loss=0.682, Valid RMSE=0.870
[Epoch 18] rating=0.6677, contrastive=0.0000, s_recon=0.0000, p_recon=0.0000
[Epoch 18/30] Train loss=0.668, Valid RMSE=0.868
[Epoch 19] rating=0.6529, contrastive=0.0000, s_recon=0.0000, p_recon=0.0000
[Epoch 19/30] Train loss=0.653, Valid RMSE=0.870
[Epoch 20] rating=0.6356, contrastive=0.0000, s_recon=0.0000, p_recon=0.0000
[Epoch 20/30] Train loss=0.636, Valid RMSE=0.873
[Epoch 21] rating=0.6145, contrastive=0.0000, s_recon=0.0000, p_recon=0.0000
[Epoch 21/30] Train loss=0.614, Valid RMSE=0.876
[Epoch 22] rating=0.5929, contrastive=0.0000, s_recon=0.0000, p_recon=0.0000
[Epoch 22/30] Train loss=0.593, Valid RMSE=0.874
[Epoch 23] rating=0.5671, contrastive=0.0000, s_recon=0.0000, p_recon=0.0000
[Epoch 23/30] Train loss=0.567, Valid RMSE=0.882
[Epoch 24] rating=0.5408, contrastive=0.0000, s_recon=0.0000, p_recon=0.0000
[Epoch 24/30] Train loss=0.541, Valid RMSE=0.888
[Epoch 25] rating=0.5127, contrastive=0.0000, s_recon=0.0000, p_recon=0.0000
[Epoch 25/30] Train loss=0.513, Valid RMSE=0.897
[Epoch 26] rating=0.4873, contrastive=0.0000, s_recon=0.0000, p_recon=0.0000
[Epoch 26/30] Train loss=0.487, Valid RMSE=0.903
[Epoch 27] rating=0.4647, contrastive=0.0000, s_recon=0.0000, p_recon=0.0000
[Epoch 27/30] Train loss=0.465, Valid RMSE=0.912
[Epoch 28] rating=0.4456, contrastive=0.0000, s_recon=0.0000, p_recon=0.0000
[Epoch 28/30] Train loss=0.446, Valid RMSE=0.918
[Epoch 29] rating=0.4322, contrastive=0.0000, s_recon=0.0000, p_recon=0.0000
[Epoch 29/30] Train loss=0.432, Valid RMSE=0.922
[Epoch 30] rating=0.4246, contrastive=0.0000, s_recon=0.0000, p_recon=0.0000
[Epoch 30/30] Train loss=0.425, Valid RMSE=0.923
Validation RMSE: 0.867
saving to: contrast_epochs30_seed42_nce0.csv
