Defaulting to user installation because normal site-packages is not writeable
Requirement already satisfied: tqdm in /home/shgoel/.local/lib/python3.12/site-packages (4.67.1)
Using: cuda
[Epoch 1] rating=0.9961, contrastive=16.0445, s_recon=0.0000, p_recon=0.0000
[Epoch 1/30] Train loss=2.601, Valid RMSE=0.904
[Epoch 2] rating=0.8252, contrastive=15.7766, s_recon=0.0000, p_recon=0.0000
[Epoch 2/30] Train loss=2.403, Valid RMSE=0.895
[Epoch 3] rating=0.8059, contrastive=15.7404, s_recon=0.0000, p_recon=0.0000
[Epoch 3/30] Train loss=2.380, Valid RMSE=0.888
[Epoch 4] rating=0.7837, contrastive=15.6656, s_recon=0.0000, p_recon=0.0000
[Epoch 4/30] Train loss=2.350, Valid RMSE=0.879
[Epoch 5] rating=0.7625, contrastive=15.5769, s_recon=0.0000, p_recon=0.0000
[Epoch 5/30] Train loss=2.320, Valid RMSE=0.873
[Epoch 6] rating=0.7450, contrastive=15.4910, s_recon=0.0000, p_recon=0.0000
[Epoch 6/30] Train loss=2.294, Valid RMSE=0.869
[Epoch 7] rating=0.7242, contrastive=15.4231, s_recon=0.0000, p_recon=0.0000
[Epoch 7/30] Train loss=2.266, Valid RMSE=0.864
[Epoch 8] rating=0.7021, contrastive=15.3599, s_recon=0.0000, p_recon=0.0000
[Epoch 8/30] Train loss=2.238, Valid RMSE=0.861
[Epoch 9] rating=0.6793, contrastive=15.3100, s_recon=0.0000, p_recon=0.0000
[Epoch 9/30] Train loss=2.210, Valid RMSE=0.860
[Epoch 10] rating=0.6628, contrastive=15.2799, s_recon=0.0000, p_recon=0.0000
[Epoch 10/30] Train loss=2.191, Valid RMSE=0.863
[Epoch 11] rating=0.7426, contrastive=15.4725, s_recon=0.0000, p_recon=0.0000
[Epoch 11/30] Train loss=2.290, Valid RMSE=0.866
[Epoch 12] rating=0.7281, contrastive=15.4385, s_recon=0.0000, p_recon=0.0000
[Epoch 12/30] Train loss=2.272, Valid RMSE=0.867
[Epoch 13] rating=0.7161, contrastive=15.4088, s_recon=0.0000, p_recon=0.0000
[Epoch 13/30] Train loss=2.257, Valid RMSE=0.861
[Epoch 14] rating=0.7055, contrastive=15.3825, s_recon=0.0000, p_recon=0.0000
[Epoch 14/30] Train loss=2.244, Valid RMSE=0.862
[Epoch 15] rating=0.6941, contrastive=15.3550, s_recon=0.0000, p_recon=0.0000
[Epoch 15/30] Train loss=2.230, Valid RMSE=0.857
[Epoch 16] rating=0.6818, contrastive=15.3245, s_recon=0.0000, p_recon=0.0000
[Epoch 16/30] Train loss=2.214, Valid RMSE=0.855
[Epoch 17] rating=0.6686, contrastive=15.2983, s_recon=0.0000, p_recon=0.0000
[Epoch 17/30] Train loss=2.198, Valid RMSE=0.854
[Epoch 18] rating=0.6543, contrastive=15.2685, s_recon=0.0000, p_recon=0.0000
[Epoch 18/30] Train loss=2.181, Valid RMSE=0.856
[Epoch 19] rating=0.6388, contrastive=15.2379, s_recon=0.0000, p_recon=0.0000
[Epoch 19/30] Train loss=2.163, Valid RMSE=0.857
[Epoch 20] rating=0.6195, contrastive=15.2032, s_recon=0.0000, p_recon=0.0000
[Epoch 20/30] Train loss=2.140, Valid RMSE=0.858
[Epoch 21] rating=0.5994, contrastive=15.1693, s_recon=0.0000, p_recon=0.0000
[Epoch 21/30] Train loss=2.116, Valid RMSE=0.859
[Epoch 22] rating=0.5783, contrastive=15.1332, s_recon=0.0000, p_recon=0.0000
[Epoch 22/30] Train loss=2.092, Valid RMSE=0.865
[Epoch 23] rating=0.5556, contrastive=15.0973, s_recon=0.0000, p_recon=0.0000
[Epoch 23/30] Train loss=2.065, Valid RMSE=0.867
[Epoch 24] rating=0.5310, contrastive=15.0611, s_recon=0.0000, p_recon=0.0000
[Epoch 24/30] Train loss=2.037, Valid RMSE=0.869
[Epoch 25] rating=0.5075, contrastive=15.0258, s_recon=0.0000, p_recon=0.0000
[Epoch 25/30] Train loss=2.010, Valid RMSE=0.876
[Epoch 26] rating=0.4852, contrastive=14.9946, s_recon=0.0000, p_recon=0.0000
[Epoch 26/30] Train loss=1.985, Valid RMSE=0.888
[Epoch 27] rating=0.4651, contrastive=14.9688, s_recon=0.0000, p_recon=0.0000
[Epoch 27/30] Train loss=1.962, Valid RMSE=0.893
[Epoch 28] rating=0.4490, contrastive=14.9452, s_recon=0.0000, p_recon=0.0000
[Epoch 28/30] Train loss=1.944, Valid RMSE=0.896
[Epoch 29] rating=0.4383, contrastive=14.9319, s_recon=0.0000, p_recon=0.0000
[Epoch 29/30] Train loss=1.931, Valid RMSE=0.902
[Epoch 30] rating=0.4325, contrastive=14.9246, s_recon=0.0000, p_recon=0.0000
[Epoch 30/30] Train loss=1.925, Valid RMSE=0.903
Validation RMSE: 0.854
saving to: contrast_epochs30_seed1337_nce1_nowish.csv
