Defaulting to user installation because normal site-packages is not writeable
Requirement already satisfied: tqdm in /home/shgoel/.local/lib/python3.12/site-packages (4.67.1)
Using: cuda
[Epoch 1] rating=2.4527, contrastive=0.0000, s_recon=0.0000, p_recon=0.0000
[Epoch 1/30] Train loss=2.453, Valid RMSE=1.552
[Epoch 2] rating=2.4261, contrastive=0.0000, s_recon=0.0000, p_recon=0.0000
[Epoch 2/30] Train loss=2.426, Valid RMSE=1.552
[Epoch 3] rating=2.4261, contrastive=0.0000, s_recon=0.0000, p_recon=0.0000
[Epoch 3/30] Train loss=2.426, Valid RMSE=1.552
[Epoch 4] rating=2.4261, contrastive=0.0000, s_recon=0.0000, p_recon=0.0000
[Epoch 4/30] Train loss=2.426, Valid RMSE=1.552
[Epoch 5] rating=2.4261, contrastive=0.0000, s_recon=0.0000, p_recon=0.0000
[Epoch 5/30] Train loss=2.426, Valid RMSE=1.552
[Epoch 6] rating=2.4261, contrastive=0.0000, s_recon=0.0000, p_recon=0.0000
[Epoch 6/30] Train loss=2.426, Valid RMSE=1.552
[Epoch 7] rating=2.4261, contrastive=0.0000, s_recon=0.0000, p_recon=0.0000
[Epoch 7/30] Train loss=2.426, Valid RMSE=1.552
[Epoch 8] rating=2.4261, contrastive=0.0000, s_recon=0.0000, p_recon=0.0000
[Epoch 8/30] Train loss=2.426, Valid RMSE=1.552
[Epoch 9] rating=2.4261, contrastive=0.0000, s_recon=0.0000, p_recon=0.0000
[Epoch 9/30] Train loss=2.426, Valid RMSE=1.552
[Epoch 10] rating=2.4261, contrastive=0.0000, s_recon=0.0000, p_recon=0.0000
[Epoch 10/30] Train loss=2.426, Valid RMSE=1.552
[Epoch 11] rating=2.4261, contrastive=0.0000, s_recon=0.0000, p_recon=0.0000
[Epoch 11/30] Train loss=2.426, Valid RMSE=1.552
[Epoch 12] rating=2.4261, contrastive=0.0000, s_recon=0.0000, p_recon=0.0000
[Epoch 12/30] Train loss=2.426, Valid RMSE=1.552
[Epoch 13] rating=2.4261, contrastive=0.0000, s_recon=0.0000, p_recon=0.0000
[Epoch 13/30] Train loss=2.426, Valid RMSE=1.552
[Epoch 14] rating=2.4261, contrastive=0.0000, s_recon=0.0000, p_recon=0.0000
[Epoch 14/30] Train loss=2.426, Valid RMSE=1.552
[Epoch 15] rating=0.9698, contrastive=0.0000, s_recon=0.0000, p_recon=0.0000
[Epoch 15/30] Train loss=0.970, Valid RMSE=0.929
[Epoch 16] rating=0.8558, contrastive=0.0000, s_recon=0.0000, p_recon=0.0000
[Epoch 16/30] Train loss=0.856, Valid RMSE=0.914
[Epoch 17] rating=0.8359, contrastive=0.0000, s_recon=0.0000, p_recon=0.0000
[Epoch 17/30] Train loss=0.836, Valid RMSE=0.908
[Epoch 18] rating=0.8259, contrastive=0.0000, s_recon=0.0000, p_recon=0.0000
[Epoch 18/30] Train loss=0.826, Valid RMSE=0.905
[Epoch 19] rating=0.8198, contrastive=0.0000, s_recon=0.0000, p_recon=0.0000
[Epoch 19/30] Train loss=0.820, Valid RMSE=0.904
[Epoch 20] rating=0.8164, contrastive=0.0000, s_recon=0.0000, p_recon=0.0000
[Epoch 20/30] Train loss=0.816, Valid RMSE=0.902
[Epoch 21] rating=0.8134, contrastive=0.0000, s_recon=0.0000, p_recon=0.0000
[Epoch 21/30] Train loss=0.813, Valid RMSE=0.901
[Epoch 22] rating=0.8115, contrastive=0.0000, s_recon=0.0000, p_recon=0.0000
[Epoch 22/30] Train loss=0.812, Valid RMSE=0.900
[Epoch 23] rating=0.8101, contrastive=0.0000, s_recon=0.0000, p_recon=0.0000
[Epoch 23/30] Train loss=0.810, Valid RMSE=0.899
[Epoch 24] rating=0.8061, contrastive=0.0000, s_recon=0.0000, p_recon=0.0000
[Epoch 24/30] Train loss=0.806, Valid RMSE=0.896
[Epoch 25] rating=0.8013, contrastive=0.0000, s_recon=0.0000, p_recon=0.0000
[Epoch 25/30] Train loss=0.801, Valid RMSE=0.893
[Epoch 26] rating=0.7965, contrastive=0.0000, s_recon=0.0000, p_recon=0.0000
[Epoch 26/30] Train loss=0.796, Valid RMSE=0.892
[Epoch 27] rating=0.7925, contrastive=0.0000, s_recon=0.0000, p_recon=0.0000
[Epoch 27/30] Train loss=0.792, Valid RMSE=0.891
[Epoch 28] rating=0.7898, contrastive=0.0000, s_recon=0.0000, p_recon=0.0000
[Epoch 28/30] Train loss=0.790, Valid RMSE=0.890
[Epoch 29] rating=0.7876, contrastive=0.0000, s_recon=0.0000, p_recon=0.0000
[Epoch 29/30] Train loss=0.788, Valid RMSE=0.890
[Epoch 30] rating=0.7866, contrastive=0.0000, s_recon=0.0000, p_recon=0.0000
[Epoch 30/30] Train loss=0.787, Valid RMSE=0.890
Validation RMSE: 0.890
saving to: contrast_epochs30_seed1337_nce0.csv
