Defaulting to user installation because normal site-packages is not writeable
Requirement already satisfied: tqdm in /home/shgoel/.local/lib/python3.12/site-packages (4.67.1)
Using: cuda
[Epoch 1] rating=0.9789, contrastive=0.0000, s_recon=0.0000, p_recon=0.0000
[Epoch 1/30] Train loss=0.979, Valid RMSE=0.903
[Epoch 2] rating=0.8233, contrastive=0.0000, s_recon=0.0000, p_recon=0.0000
[Epoch 2/30] Train loss=0.823, Valid RMSE=0.896
[Epoch 3] rating=0.8037, contrastive=0.0000, s_recon=0.0000, p_recon=0.0000
[Epoch 3/30] Train loss=0.804, Valid RMSE=0.893
[Epoch 4] rating=0.7858, contrastive=0.0000, s_recon=0.0000, p_recon=0.0000
[Epoch 4/30] Train loss=0.786, Valid RMSE=0.886
[Epoch 5] rating=0.7652, contrastive=0.0000, s_recon=0.0000, p_recon=0.0000
[Epoch 5/30] Train loss=0.765, Valid RMSE=0.880
[Epoch 6] rating=0.7444, contrastive=0.0000, s_recon=0.0000, p_recon=0.0000
[Epoch 6/30] Train loss=0.744, Valid RMSE=0.878
[Epoch 7] rating=0.7197, contrastive=0.0000, s_recon=0.0000, p_recon=0.0000
[Epoch 7/30] Train loss=0.720, Valid RMSE=0.875
[Epoch 8] rating=0.6925, contrastive=0.0000, s_recon=0.0000, p_recon=0.0000
[Epoch 8/30] Train loss=0.693, Valid RMSE=0.877
[Epoch 9] rating=0.6644, contrastive=0.0000, s_recon=0.0000, p_recon=0.0000
[Epoch 9/30] Train loss=0.664, Valid RMSE=0.881
[Epoch 10] rating=0.6428, contrastive=0.0000, s_recon=0.0000, p_recon=0.0000
[Epoch 10/30] Train loss=0.643, Valid RMSE=0.889
[Epoch 11] rating=0.7422, contrastive=0.0000, s_recon=0.0000, p_recon=0.0000
[Epoch 11/30] Train loss=0.742, Valid RMSE=0.878
[Epoch 12] rating=0.7306, contrastive=0.0000, s_recon=0.0000, p_recon=0.0000
[Epoch 12/30] Train loss=0.731, Valid RMSE=0.879
[Epoch 13] rating=0.7192, contrastive=0.0000, s_recon=0.0000, p_recon=0.0000
[Epoch 13/30] Train loss=0.719, Valid RMSE=0.874
[Epoch 14] rating=0.7083, contrastive=0.0000, s_recon=0.0000, p_recon=0.0000
[Epoch 14/30] Train loss=0.708, Valid RMSE=0.873
[Epoch 15] rating=0.6951, contrastive=0.0000, s_recon=0.0000, p_recon=0.0000
[Epoch 15/30] Train loss=0.695, Valid RMSE=0.872
[Epoch 16] rating=0.6801, contrastive=0.0000, s_recon=0.0000, p_recon=0.0000
[Epoch 16/30] Train loss=0.680, Valid RMSE=0.873
[Epoch 17] rating=0.6643, contrastive=0.0000, s_recon=0.0000, p_recon=0.0000
[Epoch 17/30] Train loss=0.664, Valid RMSE=0.875
[Epoch 18] rating=0.6459, contrastive=0.0000, s_recon=0.0000, p_recon=0.0000
[Epoch 18/30] Train loss=0.646, Valid RMSE=0.873
[Epoch 19] rating=0.6256, contrastive=0.0000, s_recon=0.0000, p_recon=0.0000
[Epoch 19/30] Train loss=0.626, Valid RMSE=0.877
[Epoch 20] rating=0.6006, contrastive=0.0000, s_recon=0.0000, p_recon=0.0000
[Epoch 20/30] Train loss=0.601, Valid RMSE=0.881
[Epoch 21] rating=0.5761, contrastive=0.0000, s_recon=0.0000, p_recon=0.0000
[Epoch 21/30] Train loss=0.576, Valid RMSE=0.886
[Epoch 22] rating=0.5494, contrastive=0.0000, s_recon=0.0000, p_recon=0.0000
[Epoch 22/30] Train loss=0.549, Valid RMSE=0.893
[Epoch 23] rating=0.5218, contrastive=0.0000, s_recon=0.0000, p_recon=0.0000
[Epoch 23/30] Train loss=0.522, Valid RMSE=0.896
[Epoch 24] rating=0.4926, contrastive=0.0000, s_recon=0.0000, p_recon=0.0000
[Epoch 24/30] Train loss=0.493, Valid RMSE=0.912
[Epoch 25] rating=0.4656, contrastive=0.0000, s_recon=0.0000, p_recon=0.0000
[Epoch 25/30] Train loss=0.466, Valid RMSE=0.917
[Epoch 26] rating=0.4405, contrastive=0.0000, s_recon=0.0000, p_recon=0.0000
[Epoch 26/30] Train loss=0.440, Valid RMSE=0.924
[Epoch 27] rating=0.4200, contrastive=0.0000, s_recon=0.0000, p_recon=0.0000
[Epoch 27/30] Train loss=0.420, Valid RMSE=0.936
[Epoch 28] rating=0.4039, contrastive=0.0000, s_recon=0.0000, p_recon=0.0000
[Epoch 28/30] Train loss=0.404, Valid RMSE=0.937
[Epoch 29] rating=0.3919, contrastive=0.0000, s_recon=0.0000, p_recon=0.0000
[Epoch 29/30] Train loss=0.392, Valid RMSE=0.941
[Epoch 30] rating=0.3859, contrastive=0.0000, s_recon=0.0000, p_recon=0.0000
[Epoch 30/30] Train loss=0.386, Valid RMSE=0.944
Validation RMSE: 0.872
saving to: contrast_epochs30_seed1337_nce0_nowish.csv
